<?xml version="1.0" encoding="UTF-8"?>
<!-- Generated by org.testng.reporters.JUnitXMLReporter -->
<testsuite ignored="0" hostname="Leenas-MacBook-Air.local" failures="0" tests="3" name="Google Test" time="14.717" errors="0" timestamp="2024-04-02T08:52:01 PDT">
  <testcase classname="testngsessions.GoogleTest" name="titleTest" time="0.022"/>
  <testcase classname="testngsessions.GoogleTest" name="imageTest" time="0.179"/>
  <testcase classname="testngsessions.GoogleTest" name="urlTest" time="0.017"/>
</testsuite> <!-- Google Test -->
