<?xml version="1.0" encoding="UTF-8"?>
<!-- Generated by org.testng.reporters.JUnitXMLReporter -->
<testsuite ignored="0" hostname="Leenas-MacBook-Air.local" failures="0" tests="3" name="OpenCart Test" time="15.658" errors="0" timestamp="2024-04-02T08:52:02 PDT">
  <testcase classname="testngsessions.OpenCartLoginTest" name="titleTest" time="0.042"/>
  <testcase classname="testngsessions.OpenCartLoginTest" name="imageTest" time="0.041"/>
  <testcase classname="testngsessions.OpenCartLoginTest" name="urlTest" time="0.011"/>
</testsuite> <!-- OpenCart Test -->
