<?xml version="1.0" encoding="UTF-8"?>
<!-- Generated by org.testng.reporters.JUnitXMLReporter -->
<testsuite ignored="0" hostname="Leenas-MacBook-Air.local" failures="0" tests="3" name="Default test" time="14.478" errors="0" timestamp="2024-04-01T22:23:45 PDT">
  <testcase classname="testngsessions.OrangeHRMTest" name="titleTest" time="5.956"/>
  <testcase classname="testngsessions.OrangeHRMTest" name="imageTest" time="0.156"/>
  <testcase classname="testngsessions.OrangeHRMTest" name="urlTest" time="0.01"/>
</testsuite> <!-- Default test -->
